<?xml version="1.0" encoding="UTF-8"?>
<!-- Generated by org.testng.reporters.JUnitXMLReporter -->
<testsuite hostname="hp-PC" ignored="0" name="test and quize" tests="4" failures="1" timestamp="19 Jan 2019 06:13:06 GMT" time="42.435" errors="0">
  <testcase name="verifyLoginPageNavigation" time="13.273" classname="testPages.TestHomePage"/>
  <testcase name="dologinTest" time="16.83" classname="testPages.TestLoginPage"/>
  <testcase name="verifyAddress" time="7.27" classname="testPages.TestContactPage">
    <failure type="java.lang.AssertionError" message="expected [2] but found [1]">
      <![CDATA[java.lang.AssertionError: expected [2] but found [1]
at testPages.TestContactPage.verifyAddress(TestContactPage.java:21)
... Removed 31 stack frames]]>
    </failure>
  </testcase> <!-- verifyAddress -->
  <testcase name="verifyContactsPageNavigation" time="3.77" classname="testPages.TestHomePage"/>
</testsuite> <!-- test and quize -->
