<?xml version="1.0" encoding="UTF-8"?>
<!-- Generated by org.testng.reporters.JUnitXMLReporter -->
<testsuite hostname="hp-PC" ignored="0" name="test and quize" tests="4" failures="1" timestamp="12 Jan 2019 12:07:33 GMT" time="6.401" errors="0">
  <testcase name="verifyLoginPageNavigation" time="1.434" classname="testPages.TestHomePage"/>
  <testcase name="dologinTest" time="1.106" classname="testPages.TestLoginPage"/>
  <testcase name="verifyAddress" time="1.989" classname="testPages.TestContactPage">
    <failure type="java.lang.AssertionError" message="expected [2] but found [1]">
      <![CDATA[java.lang.AssertionError: expected [2] but found [1]
at testPages.TestContactPage.verifyAddress(TestContactPage.java:20)
... Removed 35 stack frames]]>
    </failure>
  </testcase> <!-- verifyAddress -->
  <testcase name="verifyContactsPageNavigation" time="1.443" classname="testPages.TestHomePage"/>
</testsuite> <!-- test and quize -->
