<?xml version="1.0" encoding="UTF-8"?>
<testng-results skipped="0" failed="1" ignored="0" total="4" passed="3">
  <reporter-output>
  </reporter-output>
  <suite name="Pagele Object Mod" duration-ms="42435" started-at="2019-01-19T06:12:23Z" finished-at="2019-01-19T06:13:06Z">
    <groups>
    </groups>
    <test name="test and quize" duration-ms="42435" started-at="2019-01-19T06:12:23Z" finished-at="2019-01-19T06:13:06Z">
      <class name="testPages.TestLoginPage">
        <test-method status="PASS" signature="dologinTest(java.lang.String, java.lang.String)[pri:1, instance:testPages.TestLoginPage@732bb66d]" name="dologinTest" duration-ms="16830" started-at="2019-01-19T06:12:37Z" data-provider="testname" finished-at="2019-01-19T06:12:54Z">
          <params>
            <param index="0">
              <value>
                <![CDATA[kietmca14@gmail.com]]>
              </value>
            </param>
            <param index="1">
              <value>
                <![CDATA[9899445368]]>
              </value>
            </param>
          </params>
          <reporter-output>
          </reporter-output>
        </test-method> <!-- dologinTest -->
      </class> <!-- testPages.TestLoginPage -->
      <class name="testPages.TestContactPage">
        <test-method status="FAIL" signature="verifyAddress()[pri:1, instance:testPages.TestContactPage@720653c2]" name="verifyAddress" duration-ms="7270" started-at="2019-01-19T06:12:54Z" finished-at="2019-01-19T06:13:01Z">
          <exception class="java.lang.AssertionError">
            <message>
              <![CDATA[expected [2] but found [1]]]>
            </message>
            <full-stacktrace>
              <![CDATA[java.lang.AssertionError: expected [2] but found [1]
at org.testng.Assert.fail(Assert.java:96)
at org.testng.Assert.failNotEquals(Assert.java:776)
at org.testng.Assert.assertEqualsImpl(Assert.java:137)
at org.testng.Assert.assertEquals(Assert.java:118)
at org.testng.Assert.assertEquals(Assert.java:652)
at org.testng.Assert.assertEquals(Assert.java:662)
at testPages.TestContactPage.verifyAddress(TestContactPage.java:21)
at sun.reflect.NativeMethodAccessorImpl.invoke0(Native Method)
at sun.reflect.NativeMethodAccessorImpl.invoke(NativeMethodAccessorImpl.java:62)
at sun.reflect.DelegatingMethodAccessorImpl.invoke(DelegatingMethodAccessorImpl.java:43)
at java.lang.reflect.Method.invoke(Method.java:498)
at org.testng.internal.MethodInvocationHelper.invokeMethod(MethodInvocationHelper.java:124)
at org.testng.internal.Invoker.invokeMethod(Invoker.java:583)
at org.testng.internal.Invoker.invokeTestMethod(Invoker.java:719)
at org.testng.internal.Invoker.invokeTestMethods(Invoker.java:989)
at org.testng.internal.TestMethodWorker.invokeTestMethods(TestMethodWorker.java:125)
at org.testng.internal.TestMethodWorker.run(TestMethodWorker.java:109)
at org.testng.TestRunner.privateRun(TestRunner.java:648)
at org.testng.TestRunner.run(TestRunner.java:505)
at org.testng.SuiteRunner.runTest(SuiteRunner.java:455)
at org.testng.SuiteRunner.runSequentially(SuiteRunner.java:450)
at org.testng.SuiteRunner.privateRun(SuiteRunner.java:415)
at org.testng.SuiteRunner.run(SuiteRunner.java:364)
at org.testng.SuiteRunnerWorker.runSuite(SuiteRunnerWorker.java:52)
at org.testng.SuiteRunnerWorker.run(SuiteRunnerWorker.java:84)
at org.testng.TestNG.runSuitesSequentially(TestNG.java:1208)
at org.testng.TestNG.runSuitesLocally(TestNG.java:1137)
at org.testng.TestNG.runSuites(TestNG.java:1049)
at org.testng.TestNG.run(TestNG.java:1017)
at org.testng.remote.AbstractRemoteTestNG.run(AbstractRemoteTestNG.java:114)
at org.testng.remote.RemoteTestNG.initAndRun(RemoteTestNG.java:251)
at org.testng.remote.RemoteTestNG.main(RemoteTestNG.java:77)
]]>
            </full-stacktrace>
          </exception> <!-- java.lang.AssertionError -->
          <reporter-output>
          </reporter-output>
        </test-method> <!-- verifyAddress -->
      </class> <!-- testPages.TestContactPage -->
      <class name="testPages.TestHomePage">
        <test-method status="PASS" signature="verifyLoginPageNavigation()[pri:1, instance:testPages.TestHomePage@61533ae]" name="verifyLoginPageNavigation" duration-ms="13273" started-at="2019-01-19T06:12:23Z" finished-at="2019-01-19T06:12:36Z">
          <reporter-output>
          </reporter-output>
        </test-method> <!-- verifyLoginPageNavigation -->
        <test-method status="PASS" signature="verifyContactsPageNavigation()[pri:2, instance:testPages.TestHomePage@61533ae]" name="verifyContactsPageNavigation" duration-ms="3770" started-at="2019-01-19T06:13:02Z" finished-at="2019-01-19T06:13:05Z">
          <reporter-output>
          </reporter-output>
        </test-method> <!-- verifyContactsPageNavigation -->
      </class> <!-- testPages.TestHomePage -->
    </test> <!-- test and quize -->
  </suite> <!-- Pagele Object Mod -->
</testng-results>
